\BOOKMARK [1][-]{section.1}{\376\377\000L\000i\000s\000t\000a\000\040\000d\000e\000\040\000a\000b\000r\000e\000v\000i\000a\000\347\000\365\000e\000s\000\040\000e\000\040\000s\000i\000g\000l\000a\000s}{}% 1
\BOOKMARK [1][-]{section.2}{\376\377\000G\000l\000o\000s\000s\000\341\000r\000i\000o}{}% 2
\BOOKMARK [1][-]{section.3}{\376\377\000I\000n\000t\000r\000o\000d\000u\000\347\000\343\000o}{}% 3
\BOOKMARK [2][-]{subsection.3.1}{\376\377\000E\000n\000q\000u\000a\000d\000r\000a\000m\000e\000n\000t\000o}{section.3}% 4
\BOOKMARK [2][-]{subsection.3.2}{\376\377\000O\000b\000j\000e\000t\000i\000v\000o\000s\000\040\000e\000\040\000r\000e\000s\000u\000l\000t\000a\000d\000o\000s\000\040\000e\000s\000p\000e\000r\000a\000d\000o\000s}{section.3}% 5
\BOOKMARK [2][-]{subsection.3.3}{\376\377\000E\000s\000t\000r\000u\000t\000u\000r\000a\000\040\000d\000o\000\040\000r\000e\000l\000a\000t\000\363\000r\000i\000o}{section.3}% 6
\BOOKMARK [1][-]{section.4}{\376\377\000M\000e\000t\000o\000d\000o\000l\000o\000g\000i\000a\000\040\000u\000t\000i\000l\000i\000z\000a\000d\000a\000\040\000e\000\040\000p\000r\000i\000n\000c\000i\000p\000a\000i\000s\000\040\000a\000t\000i\000v\000i\000d\000a\000d\000e\000s\000\040\000d\000e\000s\000e\000n\000v\000o\000l\000v\000i\000d\000a\000s}{}% 7
\BOOKMARK [2][-]{subsection.4.1}{\376\377\000M\000e\000t\000o\000d\000o\000l\000o\000g\000i\000a\000\040\000u\000t\000i\000l\000i\000z\000a\000d\000a}{section.4}% 8
\BOOKMARK [2][-]{subsection.4.2}{\376\377\000I\000n\000t\000e\000r\000v\000e\000n\000i\000e\000n\000t\000e\000s\000,\000\040\000p\000a\000p\000\351\000i\000s\000\040\000e\000\040\000r\000e\000s\000p\000o\000n\000s\000a\000b\000i\000l\000i\000d\000a\000d\000e\000s}{section.4}% 9
\BOOKMARK [2][-]{subsection.4.3}{\376\377\000A\000t\000i\000v\000i\000d\000a\000d\000e\000s\000\040\000d\000e\000s\000e\000n\000v\000o\000l\000v\000i\000d\000a\000s}{section.4}% 10
\BOOKMARK [1][-]{section.5}{\376\377\000D\000e\000s\000e\000n\000v\000o\000l\000v\000i\000m\000e\000n\000t\000o\000\040\000d\000a\000\040\000s\000o\000l\000u\000\347\000\343\000o}{}% 11
\BOOKMARK [2][-]{subsection.5.1}{\376\377\000R\000e\000q\000u\000i\000s\000i\000t\000o\000s}{section.5}% 12
\BOOKMARK [2][-]{subsection.5.2}{\376\377\000A\000r\000q\000u\000i\000t\000e\000t\000u\000r\000a\000\040\000e\000\040\000t\000e\000c\000n\000o\000l\000o\000g\000i\000a\000s}{section.5}% 13
\BOOKMARK [3][-]{subsubsection.5.2.1}{\376\377\000C\000o\000m\000p\000o\000n\000e\000n\000t\000e\000s\000\040\000d\000e\000\040\000h\000a\000r\000d\000w\000a\000r\000e}{subsection.5.2}% 14
\BOOKMARK [3][-]{subsubsection.5.2.2}{\376\377\000C\000o\000m\000p\000o\000n\000e\000n\000t\000e\000s\000\040\000d\000e\000\040\000s\000o\000f\000t\000w\000a\000r\000e}{subsection.5.2}% 15
\BOOKMARK [2][-]{subsection.5.3}{\376\377\000S\000o\000l\000u\000\347\000\343\000o\000\040\000d\000e\000s\000e\000n\000v\000o\000l\000v\000i\000d\000a}{section.5}% 16
\BOOKMARK [3][-]{subsubsection.5.3.1}{\376\377\000S\000e\000n\000s\000o\000r\000e\000s\000\040\000d\000e\000\040\000t\000e\000m\000p\000e\000r\000a\000t\000u\000r\000a\000\040\000D\000S\0001\0008\000B\0002\0000\000\040\000e\000\040\000c\000i\000r\000c\000u\000i\000t\000o}{subsection.5.3}% 17
\BOOKMARK [3][-]{subsubsection.5.3.2}{\376\377\000I\000n\000t\000e\000r\000f\000a\000c\000e\000\040\000g\000r\000\341\000f\000i\000c\000a}{subsection.5.3}% 18
\BOOKMARK [3][-]{subsubsection.5.3.3}{\376\377\000C\000o\000m\000u\000n\000i\000c\000a\000\347\000\343\000o}{subsection.5.3}% 19
\BOOKMARK [3][-]{subsubsection.5.3.4}{\376\377\000B\000a\000s\000e\000\040\000d\000e\000\040\000d\000a\000d\000o\000s}{subsection.5.3}% 20
\BOOKMARK [3][-]{subsubsection.5.3.5}{\376\377\000M\000i\000g\000r\000a\000\347\000\343\000o\000\040\000d\000e\000\040\000d\000a\000d\000o\000s\000\040\000e\000\040\000s\000c\000h\000e\000d\000u\000l\000i\000n\000g}{subsection.5.3}% 21
\BOOKMARK [3][-]{subsubsection.5.3.6}{\376\377\000D\000a\000s\000h\000b\000o\000a\000r\000d}{subsection.5.3}% 22
\BOOKMARK [3][-]{subsubsection.5.3.7}{\376\377\000I\000n\000s\000t\000a\000l\000a\000\347\000\343\000o\000\040\000e\000\040\000c\000o\000n\000f\000i\000g\000u\000r\000a\000\347\000\343\000o}{subsection.5.3}% 23
\BOOKMARK [2][-]{subsection.5.4}{\376\377\000V\000a\000l\000i\000d\000a\000\347\000\343\000o}{section.5}% 24
\BOOKMARK [1][-]{section.6}{\376\377\000C\000o\000n\000c\000l\000u\000s\000\365\000e\000s}{}% 25
\BOOKMARK [2][-]{subsection.6.1}{\376\377\000R\000e\000s\000u\000l\000t\000a\000d\000o\000s\000\040\000a\000l\000c\000a\000n\000\347\000a\000d\000o\000s}{section.6}% 26
\BOOKMARK [2][-]{subsection.6.2}{\376\377\000L\000i\000\347\000\365\000e\000s\000\040\000a\000p\000r\000e\000n\000d\000i\000d\000a\000s}{section.6}% 27
\BOOKMARK [2][-]{subsection.6.3}{\376\377\000T\000r\000a\000b\000a\000l\000h\000o\000\040\000f\000u\000t\000u\000r\000o}{section.6}% 28
\BOOKMARK [2][-]{subsection.6.4}{\376\377\000A\000g\000r\000a\000d\000e\000c\000i\000m\000e\000n\000t\000o\000s}{section.6}% 29
